  compilation succeeded; see C:\Users\salva\Desktop\DirectX_Game\DirectX_Game\PixelShader.cso
C:\Users\salva\Desktop\DirectX_Game\DirectX_Game\VertexShader.hlsl(56,25): warning X3206: 'dot': implicit truncation of vector type
C:\Users\salva\Desktop\DirectX_Game\DirectX_Game\VertexShader.hlsl(65,27): warning X3206: 'dot': implicit truncation of vector type
C:\Users\salva\Desktop\DirectX_Game\DirectX_Game\VertexShader.hlsl(91,12): warning X3206: implicit truncation of vector type
C:\Users\salva\Desktop\DirectX_Game\DirectX_Game\VertexShader.hlsl(94,23): warning X3206: 'mul': implicit truncation of vector type
C:\Users\salva\Desktop\DirectX_Game\DirectX_Game\VertexShader.hlsl(94,12): warning X3206: implicit truncation of vector type
  
  compilation succeeded; see C:\Users\salva\Desktop\DirectX_Game\DirectX_Game\VertexShader.cso
  AmbientLight.cpp
C:\Users\salva\Desktop\DirectX_Game\DirectX_Game\Constants.h(33,3): warning C4091: 'static ': ignored on left of 'Constants::Models' when no variable is declared
  App.cpp
C:\Users\salva\Desktop\DirectX_Game\DirectX_Game\Constants.h(33,3): warning C4091: 'static ': ignored on left of 'Constants::Models' when no variable is declared
  C:\Program Files (x86)\Windows Kits\10\Include\10.0.16299.0\um\dinput.h: DIRECTINPUT_VERSION undefined. Defaulting to version 0x0800
  Bindable.cpp
C:\Users\salva\Desktop\DirectX_Game\DirectX_Game\Constants.h(33,3): warning C4091: 'static ': ignored on left of 'Constants::Models' when no variable is declared
  BoundingBox.cpp
  BoundingSphere.cpp
  Camera.cpp
C:\Users\salva\Desktop\DirectX_Game\DirectX_Game\Constants.h(33,3): warning C4091: 'static ': ignored on left of 'Constants::Models' when no variable is declared
  CollisionHandler.cpp
  DirectionalLight.cpp
C:\Users\salva\Desktop\DirectX_Game\DirectX_Game\Constants.h(33,3): warning C4091: 'static ': ignored on left of 'Constants::Models' when no variable is declared
  FrameTimer.cpp
C:\Users\salva\Desktop\DirectX_Game\DirectX_Game\FrameTimer.cpp(15,31): warning C4244: '=': conversion from 'float' to 'int', possible loss of data
  GameManager.cpp
C:\Users\salva\Desktop\DirectX_Game\DirectX_Game\Constants.h(33,3): warning C4091: 'static ': ignored on left of 'Constants::Models' when no variable is declared
  C:\Program Files (x86)\Windows Kits\10\Include\10.0.16299.0\um\dinput.h: DIRECTINPUT_VERSION undefined. Defaulting to version 0x0800
  GameObject.cpp
C:\Users\salva\Desktop\DirectX_Game\DirectX_Game\Constants.h(33,3): warning C4091: 'static ': ignored on left of 'Constants::Models' when no variable is declared
  Graphics.cpp
  Guard.cpp
C:\Users\salva\Desktop\DirectX_Game\DirectX_Game\Constants.h(33,3): warning C4091: 'static ': ignored on left of 'Constants::Models' when no variable is declared
  C:\Program Files (x86)\Windows Kits\10\Include\10.0.16299.0\um\dinput.h: DIRECTINPUT_VERSION undefined. Defaulting to version 0x0800
  Input.cpp
  C:\Program Files (x86)\Windows Kits\10\Include\10.0.16299.0\um\dinput.h: DIRECTINPUT_VERSION undefined. Defaulting to version 0x0800
  Keyboard.cpp
  C:\Program Files (x86)\Windows Kits\10\Include\10.0.16299.0\um\dinput.h: DIRECTINPUT_VERSION undefined. Defaulting to version 0x0800
  Light.cpp
C:\Users\salva\Desktop\DirectX_Game\DirectX_Game\Constants.h(33,3): warning C4091: 'static ': ignored on left of 'Constants::Models' when no variable is declared
  Main.cpp
C:\Users\salva\Desktop\DirectX_Game\DirectX_Game\Constants.h(33,3): warning C4091: 'static ': ignored on left of 'Constants::Models' when no variable is declared
  C:\Program Files (x86)\Windows Kits\10\Include\10.0.16299.0\um\dinput.h: DIRECTINPUT_VERSION undefined. Defaulting to version 0x0800
  Map.cpp
C:\Users\salva\Desktop\DirectX_Game\DirectX_Game\Constants.h(33,3): warning C4091: 'static ': ignored on left of 'Constants::Models' when no variable is declared
  C:\Program Files (x86)\Windows Kits\10\Include\10.0.16299.0\um\dinput.h: DIRECTINPUT_VERSION undefined. Defaulting to version 0x0800
  MapBrick.cpp
C:\Users\salva\Desktop\DirectX_Game\DirectX_Game\Constants.h(33,3): warning C4091: 'static ': ignored on left of 'Constants::Models' when no variable is declared
  Model.cpp
C:\Users\salva\Desktop\DirectX_Game\DirectX_Game\Constants.h(33,3): warning C4091: 'static ': ignored on left of 'Constants::Models' when no variable is declared
  Generating Code...
  Compiling...
  Mouse.cpp
  C:\Program Files (x86)\Windows Kits\10\Include\10.0.16299.0\um\dinput.h: DIRECTINPUT_VERSION undefined. Defaulting to version 0x0800
  objfilemodel.cpp
  PixelShader.cpp
C:\Users\salva\Desktop\DirectX_Game\DirectX_Game\Constants.h(33,3): warning C4091: 'static ': ignored on left of 'Constants::Models' when no variable is declared
  Player.cpp
C:\Users\salva\Desktop\DirectX_Game\DirectX_Game\Constants.h(33,3): warning C4091: 'static ': ignored on left of 'Constants::Models' when no variable is declared
  C:\Program Files (x86)\Windows Kits\10\Include\10.0.16299.0\um\dinput.h: DIRECTINPUT_VERSION undefined. Defaulting to version 0x0800
  PointLight.cpp
C:\Users\salva\Desktop\DirectX_Game\DirectX_Game\Constants.h(33,3): warning C4091: 'static ': ignored on left of 'Constants::Models' when no variable is declared
  Projectile.cpp
C:\Users\salva\Desktop\DirectX_Game\DirectX_Game\Constants.h(33,3): warning C4091: 'static ': ignored on left of 'Constants::Models' when no variable is declared
  SecurityCamera.cpp
C:\Users\salva\Desktop\DirectX_Game\DirectX_Game\Constants.h(33,3): warning C4091: 'static ': ignored on left of 'Constants::Models' when no variable is declared
  C:\Program Files (x86)\Windows Kits\10\Include\10.0.16299.0\um\dinput.h: DIRECTINPUT_VERSION undefined. Defaulting to version 0x0800
  Skybox.cpp
C:\Users\salva\Desktop\DirectX_Game\DirectX_Game\Constants.h(33,3): warning C4091: 'static ': ignored on left of 'Constants::Models' when no variable is declared
  Text2D.cpp
  Textures.cpp
C:\Users\salva\Desktop\DirectX_Game\DirectX_Game\Constants.h(33,3): warning C4091: 'static ': ignored on left of 'Constants::Models' when no variable is declared
  VertexShader.cpp
C:\Users\salva\Desktop\DirectX_Game\DirectX_Game\Constants.h(33,3): warning C4091: 'static ': ignored on left of 'Constants::Models' when no variable is declared
  Window.cpp
  Generating Code...
  DirectX_Game.vcxproj -> C:\Users\salva\Desktop\DirectX_Game\Debug\DirectX_Game.exe
